<?xml version='1.0'?>
<ns2:test-suite xmlns:ns2='urn:model.allure.qatools.yandex.ru' start='1676653240400' stop='1676653240836'>
    <name>Magento-Demo</name>
    <title>Magento-Demo</title>
    <test-cases>
        <test-case start='1676653240400' status='pending' stop='1676653240401'>
            <name>Debe hacer Login en el sitio.</name>
            <title>Debe hacer Login en el sitio.</title>
            <labels/>
            <parameters/>
            <steps/>
            <attachments/>
            <failure>
                <message>Test ignored</message>
                <stack-trace>undefined</stack-trace>
            </failure>
        </test-case>
        <test-case start='1676653240401' status='pending' stop='1676653240401'>
            <name>Debe hacer Logout del sitio previamente ingresado.</name>
            <title>Debe hacer Logout del sitio previamente ingresado.</title>
            <labels/>
            <parameters/>
            <steps/>
            <attachments/>
            <failure>
                <message>Test ignored</message>
                <stack-trace>undefined</stack-trace>
            </failure>
        </test-case>
        <test-case start='1676653240401' status='pending' stop='1676653240401'>
            <name>Debe hacer Register en el sitio.</name>
            <title>Debe hacer Register en el sitio.</title>
            <labels/>
            <parameters/>
            <steps/>
            <attachments/>
            <failure>
                <message>Test ignored</message>
                <stack-trace>undefined</stack-trace>
            </failure>
        </test-case>
        <test-case start='1676653240401' status='pending' stop='1676653240401'>
            <name>Ingresar datos de Facturación para usar en el checkout.</name>
            <title>Ingresar datos de Facturación para usar en el checkout.</title>
            <labels/>
            <parameters/>
            <steps/>
            <attachments/>
            <failure>
                <message>Test ignored</message>
                <stack-trace>undefined</stack-trace>
            </failure>
        </test-case>
        <test-case start='1676653240401' status='broken' stop='1676653240835'>
            <name>Debe buscar un objeto y comprarlo.</name>
            <title>Debe buscar un objeto y comprarlo.</title>
            <labels>
                <label name='language' value='javascript'/>
                <label name='framework' value='wdio'/>
                <label name='thread' value='0-0'/>
                <label name='language' value='javascript'/>
                <label name='framework' value='wdio'/>
                <label name='thread' value='0-0'/>
                <label name='language' value='javascript'/>
                <label name='framework' value='wdio'/>
                <label name='thread' value='0-0'/>
            </labels>
            <parameters>
                <parameter kind='argument' name='browser' value='chrome-110.0.5481.104'/>
                <parameter kind='argument' name='browser' value='chrome-110.0.5481.104'/>
                <parameter kind='argument' name='browser' value='chrome-110.0.5481.104'/>
            </parameters>
            <steps>
                <step start='1676653240426' status='passed' stop='1676653240569'>
                    <name>GET /session/:sessionId/screenshot</name>
                    <title>GET /session/:sessionId/screenshot</title>
                    <attachments>
                        <attachment title='Screenshot' source='ddd866cd-aac9-4e51-8140-548dca010745-attachment.png' type='image/png' size='8715'/>
                    </attachments>
                    <steps/>
                </step>
                <step start='1676653240572' status='passed' stop='1676653240702'>
                    <name>GET /session/:sessionId/screenshot</name>
                    <title>GET /session/:sessionId/screenshot</title>
                    <attachments>
                        <attachment title='Screenshot' source='fc501743-59e5-4ead-add3-afa6cb799ace-attachment.png' type='image/png' size='8715'/>
                    </attachments>
                    <steps/>
                </step>
                <step start='1676653240704' status='passed' stop='1676653240835'>
                    <name>GET /session/:sessionId/screenshot</name>
                    <title>GET /session/:sessionId/screenshot</title>
                    <attachments>
                        <attachment title='Screenshot' source='cb620f4b-408f-4eaa-8135-aeea3a1120ec-attachment.png' type='image/png' size='8715'/>
                    </attachments>
                    <steps/>
                </step>
            </steps>
            <attachments/>
            <failure>
                <message>Cannot read properties of undefined (reading 'toString')</message>
                <stack-trace>TypeError: Cannot read properties of undefined (reading 'toString')
                    at Context.&lt;anonymous> (C:\Users\Usuario\Documents\_Automation\Projects\WebdriverIO-Abstracta-Curso\tests\/magento-demo.test.js:130:37)
                    at Context.executeAsync (C:\Users\Usuario\Documents\_Automation\Projects\WebdriverIO-Abstracta-Curso\node_modules\@wdio\utils\build\shim.js:333:27)
                    at Context.testFrameworkFnWrapper (C:\Users\Usuario\Documents\_Automation\Projects\WebdriverIO-Abstracta-Curso\node_modules\@wdio\utils\build\test-framework\testFnWrapper.js:51:32)</stack-trace>
            </failure>
        </test-case>
    </test-cases>
</ns2:test-suite>