<?xml version='1.0'?>
<ns2:test-suite xmlns:ns2='urn:model.allure.qatools.yandex.ru' start='1676559609007' stop='1676559610048'>
    <name>Magento-Demo</name>
    <title>Magento-Demo</title>
    <test-cases>
        <test-case start='1676559609008' status='broken' stop='1676559609483'>
            <name>Debe hacer Register en el sitio.</name>
            <title>Debe hacer Register en el sitio.</title>
            <labels>
                <label name='language' value='javascript'/>
                <label name='framework' value='wdio'/>
                <label name='thread' value='0-0'/>
                <label name='language' value='javascript'/>
                <label name='framework' value='wdio'/>
                <label name='thread' value='0-0'/>
                <label name='language' value='javascript'/>
                <label name='framework' value='wdio'/>
                <label name='thread' value='0-0'/>
            </labels>
            <parameters>
                <parameter kind='argument' name='browser' value='chrome-110.0.5481.77'/>
                <parameter kind='argument' name='browser' value='chrome-110.0.5481.77'/>
                <parameter kind='argument' name='browser' value='chrome-110.0.5481.77'/>
            </parameters>
            <steps>
                <step start='1676559609056' status='passed' stop='1676559609057'>
                    <name>Abrir la pagina web.</name>
                    <title>Abrir la pagina web.</title>
                    <attachments/>
                    <steps/>
                </step>
                <step start='1676559609059' status='passed' stop='1676559609199'>
                    <name>GET /session/:sessionId/screenshot</name>
                    <title>GET /session/:sessionId/screenshot</title>
                    <attachments>
                        <attachment title='Screenshot' source='69b8055f-5c24-48e6-bc11-0fa78159437e-attachment.png' type='image/png' size='8715'/>
                    </attachments>
                    <steps/>
                </step>
                <step start='1676559609202' status='passed' stop='1676559609202'>
                    <name>Abrir la pagina web.</name>
                    <title>Abrir la pagina web.</title>
                    <attachments/>
                    <steps/>
                </step>
                <step start='1676559609203' status='passed' stop='1676559609343'>
                    <name>GET /session/:sessionId/screenshot</name>
                    <title>GET /session/:sessionId/screenshot</title>
                    <attachments>
                        <attachment title='Screenshot' source='16a6f1cd-8831-4db2-b6fb-8420a1729e46-attachment.png' type='image/png' size='8715'/>
                    </attachments>
                    <steps/>
                </step>
                <step start='1676559609344' status='passed' stop='1676559609344'>
                    <name>Abrir la pagina web.</name>
                    <title>Abrir la pagina web.</title>
                    <attachments/>
                    <steps/>
                </step>
                <step start='1676559609345' status='passed' stop='1676559609482'>
                    <name>GET /session/:sessionId/screenshot</name>
                    <title>GET /session/:sessionId/screenshot</title>
                    <attachments>
                        <attachment title='Screenshot' source='b367da89-f2ae-4e08-80be-e2f16857fd63-attachment.png' type='image/png' size='8715'/>
                    </attachments>
                    <steps/>
                </step>
            </steps>
            <attachments/>
            <failure>
                <message>d is not defined</message>
                <stack-trace>ReferenceError: d is not defined
                    at HomePage.abrir (C:\Users\Usuario\Documents\_Automation\Projects\WebdriverIO-Abstracta-Curso\pages\/base.page.js:15:47)
                    at Context.&lt;anonymous> (C:\Users\Usuario\Documents\_Automation\Projects\WebdriverIO-Abstracta-Curso\tests\/magento-demo.test.js:20:28)
                    at Context.executeAsync (C:\Users\Usuario\Documents\_Automation\Projects\WebdriverIO-Abstracta-Curso\node_modules\@wdio\utils\build\shim.js:333:27)
                    at Context.testFrameworkFnWrapper (C:\Users\Usuario\Documents\_Automation\Projects\WebdriverIO-Abstracta-Curso\node_modules\@wdio\utils\build\test-framework\testFnWrapper.js:51:32)</stack-trace>
            </failure>
        </test-case>
        <test-case start='1676559609483' status='broken' stop='1676559609610'>
            <name>Debe hacer Login en el sitio.</name>
            <title>Debe hacer Login en el sitio.</title>
            <labels>
                <label name='language' value='javascript'/>
                <label name='framework' value='wdio'/>
                <label name='thread' value='0-0'/>
            </labels>
            <parameters>
                <parameter kind='argument' name='browser' value='chrome-110.0.5481.77'/>
            </parameters>
            <steps>
                <step start='1676559609484' status='passed' stop='1676559609484'>
                    <name>Abrir la pagina web.</name>
                    <title>Abrir la pagina web.</title>
                    <attachments/>
                    <steps/>
                </step>
                <step start='1676559609485' status='passed' stop='1676559609610'>
                    <name>GET /session/:sessionId/screenshot</name>
                    <title>GET /session/:sessionId/screenshot</title>
                    <attachments>
                        <attachment title='Screenshot' source='5c9dfa8e-315d-4a19-ab7d-779d7db1eb66-attachment.png' type='image/png' size='8715'/>
                    </attachments>
                    <steps/>
                </step>
            </steps>
            <attachments/>
            <failure>
                <message>d is not defined</message>
                <stack-trace>ReferenceError: d is not defined
                    at HomePage.abrir (C:\Users\Usuario\Documents\_Automation\Projects\WebdriverIO-Abstracta-Curso\pages\/base.page.js:15:47)
                    at LoginPage.login (C:\Users\Usuario\Documents\_Automation\Projects\WebdriverIO-Abstracta-Curso\pages\/login.page.js:14:24)
                    at Context.&lt;anonymous> (C:\Users\Usuario\Documents\_Automation\Projects\WebdriverIO-Abstracta-Curso\tests\/magento-demo.test.js:55:25)
                    at Context.executeAsync (C:\Users\Usuario\Documents\_Automation\Projects\WebdriverIO-Abstracta-Curso\node_modules\@wdio\utils\build\shim.js:333:27)
                    at Context.testFrameworkFnWrapper (C:\Users\Usuario\Documents\_Automation\Projects\WebdriverIO-Abstracta-Curso\node_modules\@wdio\utils\build\test-framework\testFnWrapper.js:51:32)</stack-trace>
            </failure>
        </test-case>
        <test-case start='1676559609611' status='broken' stop='1676559609743'>
            <name>Ingresar datos de Facturación para usar en el checkout.</name>
            <title>Ingresar datos de Facturación para usar en el checkout.</title>
            <labels>
                <label name='language' value='javascript'/>
                <label name='framework' value='wdio'/>
                <label name='thread' value='0-0'/>
            </labels>
            <parameters>
                <parameter kind='argument' name='browser' value='chrome-110.0.5481.77'/>
            </parameters>
            <steps>
                <step start='1676559609612' status='passed' stop='1676559609612'>
                    <name>Abrir la pagina web.</name>
                    <title>Abrir la pagina web.</title>
                    <attachments/>
                    <steps/>
                </step>
                <step start='1676559609612' status='passed' stop='1676559609742'>
                    <name>GET /session/:sessionId/screenshot</name>
                    <title>GET /session/:sessionId/screenshot</title>
                    <attachments>
                        <attachment title='Screenshot' source='f419feb3-4db3-45b9-b8af-a38272bb2f4a-attachment.png' type='image/png' size='8715'/>
                    </attachments>
                    <steps/>
                </step>
            </steps>
            <attachments/>
            <failure>
                <message>d is not defined</message>
                <stack-trace>ReferenceError: d is not defined
                    at HomePage.abrir (C:\Users\Usuario\Documents\_Automation\Projects\WebdriverIO-Abstracta-Curso\pages\/base.page.js:15:47)
                    at Context.&lt;anonymous> (C:\Users\Usuario\Documents\_Automation\Projects\WebdriverIO-Abstracta-Curso\tests\/magento-demo.test.js:66:24)
                    at Context.executeAsync (C:\Users\Usuario\Documents\_Automation\Projects\WebdriverIO-Abstracta-Curso\node_modules\@wdio\utils\build\shim.js:333:27)
                    at Context.testFrameworkFnWrapper (C:\Users\Usuario\Documents\_Automation\Projects\WebdriverIO-Abstracta-Curso\node_modules\@wdio\utils\build\test-framework\testFnWrapper.js:51:32)</stack-trace>
            </failure>
        </test-case>
        <test-case start='1676559609743' status='broken' stop='1676559609908'>
            <name>Debe buscar un objeto y comprarlo.</name>
            <title>Debe buscar un objeto y comprarlo.</title>
            <labels>
                <label name='language' value='javascript'/>
                <label name='framework' value='wdio'/>
                <label name='thread' value='0-0'/>
            </labels>
            <parameters>
                <parameter kind='argument' name='browser' value='chrome-110.0.5481.77'/>
            </parameters>
            <steps>
                <step start='1676559609745' status='passed' stop='1676559609745'>
                    <name>Abrir la pagina web.</name>
                    <title>Abrir la pagina web.</title>
                    <attachments/>
                    <steps/>
                </step>
                <step start='1676559609745' status='passed' stop='1676559609908'>
                    <name>GET /session/:sessionId/screenshot</name>
                    <title>GET /session/:sessionId/screenshot</title>
                    <attachments>
                        <attachment title='Screenshot' source='ceeb87b0-019e-46cc-9fae-911d77970510-attachment.png' type='image/png' size='8715'/>
                    </attachments>
                    <steps/>
                </step>
            </steps>
            <attachments/>
            <failure>
                <message>d is not defined</message>
                <stack-trace>ReferenceError: d is not defined
                    at HomePage.abrir (C:\Users\Usuario\Documents\_Automation\Projects\WebdriverIO-Abstracta-Curso\pages\/base.page.js:15:47)
                    at Context.&lt;anonymous> (C:\Users\Usuario\Documents\_Automation\Projects\WebdriverIO-Abstracta-Curso\tests\/magento-demo.test.js:116:24)
                    at Context.executeAsync (C:\Users\Usuario\Documents\_Automation\Projects\WebdriverIO-Abstracta-Curso\node_modules\@wdio\utils\build\shim.js:333:27)
                    at Context.testFrameworkFnWrapper (C:\Users\Usuario\Documents\_Automation\Projects\WebdriverIO-Abstracta-Curso\node_modules\@wdio\utils\build\test-framework\testFnWrapper.js:51:32)</stack-trace>
            </failure>
        </test-case>
        <test-case start='1676559609909' status='broken' stop='1676559610047'>
            <name>Debe hacer Logout del sitio previamente ingresado.</name>
            <title>Debe hacer Logout del sitio previamente ingresado.</title>
            <labels>
                <label name='language' value='javascript'/>
                <label name='framework' value='wdio'/>
                <label name='thread' value='0-0'/>
            </labels>
            <parameters>
                <parameter kind='argument' name='browser' value='chrome-110.0.5481.77'/>
            </parameters>
            <steps>
                <step start='1676559609910' status='passed' stop='1676559609910'>
                    <name>Abrir la pagina web.</name>
                    <title>Abrir la pagina web.</title>
                    <attachments/>
                    <steps/>
                </step>
                <step start='1676559609910' status='passed' stop='1676559610047'>
                    <name>GET /session/:sessionId/screenshot</name>
                    <title>GET /session/:sessionId/screenshot</title>
                    <attachments>
                        <attachment title='Screenshot' source='d5f3991e-c3a5-45ab-9233-72c36a337ebb-attachment.png' type='image/png' size='8715'/>
                    </attachments>
                    <steps/>
                </step>
            </steps>
            <attachments/>
            <failure>
                <message>d is not defined</message>
                <stack-trace>ReferenceError: d is not defined
                    at HomePage.abrir (C:\Users\Usuario\Documents\_Automation\Projects\WebdriverIO-Abstracta-Curso\pages\/base.page.js:15:47)
                    at Context.&lt;anonymous> (C:\Users\Usuario\Documents\_Automation\Projects\WebdriverIO-Abstracta-Curso\tests\/magento-demo.test.js:181:24)
                    at Context.executeAsync (C:\Users\Usuario\Documents\_Automation\Projects\WebdriverIO-Abstracta-Curso\node_modules\@wdio\utils\build\shim.js:333:27)
                    at Context.testFrameworkFnWrapper (C:\Users\Usuario\Documents\_Automation\Projects\WebdriverIO-Abstracta-Curso\node_modules\@wdio\utils\build\test-framework\testFnWrapper.js:51:32)</stack-trace>
            </failure>
        </test-case>
    </test-cases>
</ns2:test-suite>