<?xml version='1.0'?>
<ns2:test-suite xmlns:ns2='urn:model.allure.qatools.yandex.ru' start='1676659918530' stop='1676659921129'>
    <name>Magento-Demo</name>
    <title>Magento-Demo</title>
    <test-cases>
        <test-case start='1676659918530' status='pending' stop='1676659919534'>
            <name>Debe hacer Login en el sitio.</name>
            <title>Debe hacer Login en el sitio.</title>
            <labels>
                <label name='language' value='javascript'/>
                <label name='framework' value='wdio'/>
                <label name='thread' value='0-0'/>
            </labels>
            <parameters>
                <parameter kind='argument' name='browser' value='chrome-110.0.5481.104'/>
            </parameters>
            <steps>
                <step start='1676659918531' status='passed' stop='1676659918531'>
                    <name>Abrir la pagina web.</name>
                    <title>Abrir la pagina web.</title>
                    <attachments/>
                    <steps/>
                </step>
                <step start='1676659918532' status='passed' stop='1676659919534'>
                    <name>POST /session/:sessionId/url</name>
                    <title>POST /session/:sessionId/url</title>
                    <attachments>
                        <attachment title='Request' source='723efe6b-4625-44d3-9d74-8f867d7b59ee-attachment.json' type='application/json' size='48'/>
                    </attachments>
                    <steps/>
                </step>
            </steps>
            <attachments/>
        </test-case>
        <test-case start='1676659919535' status='pending' stop='1676659919535'>
            <name>Debe hacer Logout del sitio previamente ingresado.</name>
            <title>Debe hacer Logout del sitio previamente ingresado.</title>
            <labels/>
            <parameters/>
            <steps/>
            <attachments/>
            <failure>
                <message>Test ignored</message>
                <stack-trace>undefined</stack-trace>
            </failure>
        </test-case>
        <test-case start='1676659919535' status='pending' stop='1676659919536'>
            <name>Debe hacer Register en el sitio.</name>
            <title>Debe hacer Register en el sitio.</title>
            <labels/>
            <parameters/>
            <steps/>
            <attachments/>
            <failure>
                <message>Test ignored</message>
                <stack-trace>undefined</stack-trace>
            </failure>
        </test-case>
        <test-case start='1676659919536' status='pending' stop='1676659919536'>
            <name>Ingresar datos de Facturaci칩n para usar en el checkout.</name>
            <title>Ingresar datos de Facturaci칩n para usar en el checkout.</title>
            <labels/>
            <parameters/>
            <steps/>
            <attachments/>
            <failure>
                <message>Test ignored</message>
                <stack-trace>undefined</stack-trace>
            </failure>
        </test-case>
        <test-case start='1676659919537' status='broken' stop='1676659920980'>
            <name>Debe buscar core striped y comprarlo.</name>
            <title>Debe buscar core striped y comprarlo.</title>
            <labels>
                <label name='language' value='javascript'/>
                <label name='framework' value='wdio'/>
                <label name='thread' value='0-0'/>
            </labels>
            <parameters>
                <parameter kind='argument' name='browser' value='chrome-110.0.5481.104'/>
            </parameters>
            <steps>
                <step start='1676659919546' status='passed' stop='1676659919546'>
                    <name>Abrir la pagina web.</name>
                    <title>Abrir la pagina web.</title>
                    <attachments/>
                    <steps/>
                </step>
                <step start='1676659919546' status='passed' stop='1676659919962'>
                    <name>POST /session/:sessionId/url</name>
                    <title>POST /session/:sessionId/url</title>
                    <attachments>
                        <attachment title='Request' source='0c1c9ca8-a7aa-44eb-a22e-8d4d66b41f48-attachment.json' type='application/json' size='48'/>
                    </attachments>
                    <steps/>
                </step>
                <step start='1676659919966' status='passed' stop='1676659920020'>
                    <name>POST /session/:sessionId/element</name>
                    <title>POST /session/:sessionId/element</title>
                    <attachments>
                        <attachment title='Request' source='e19c9253-0df8-40c8-a034-5b38e081abfa-attachment.json' type='application/json' size='67'/>
                        <attachment title='Response' source='df50d055-82b5-4886-963a-32aef541125b-attachment.json' type='application/json' size='83'/>
                    </attachments>
                    <steps/>
                </step>
                <step start='1676659920026' status='passed' stop='1676659920075'>
                    <name>POST /session/:sessionId/element/4c2b48b0-5776-407f-b805-f65bdf8e7abb/click</name>
                    <title>POST /session/:sessionId/element/4c2b48b0-5776-407f-b805-f65bdf8e7abb/click</title>
                    <attachments/>
                    <steps/>
                </step>
                <step start='1676659920076' status='passed' stop='1676659920076'>
                    <name>Clickear en el dropdown de Account</name>
                    <title>Clickear en el dropdown de Account</title>
                    <attachments/>
                    <steps/>
                </step>
                <step start='1676659920076' status='passed' stop='1676659920107'>
                    <name>POST /session/:sessionId/element</name>
                    <title>POST /session/:sessionId/element</title>
                    <attachments>
                        <attachment title='Request' source='e1525199-24b5-4db8-950f-d394dba13acb-attachment.json' type='application/json' size='69'/>
                        <attachment title='Response' source='c07b1f81-3cf3-40ea-8d14-455e04243c7d-attachment.json' type='application/json' size='83'/>
                    </attachments>
                    <steps/>
                </step>
                <step start='1676659920110' status='passed' stop='1676659920511'>
                    <name>POST /session/:sessionId/element/6963ef2a-b57f-494d-8844-430d8c337dfa/click</name>
                    <title>POST /session/:sessionId/element/6963ef2a-b57f-494d-8844-430d8c337dfa/click</title>
                    <attachments/>
                    <steps/>
                </step>
                <step start='1676659920511' status='passed' stop='1676659920511'>
                    <name>Introducir valores de Usuario y contrase침a</name>
                    <title>Introducir valores de Usuario y contrase침a</title>
                    <attachments/>
                    <steps/>
                </step>
                <step start='1676659920511' status='passed' stop='1676659920546'>
                    <name>POST /session/:sessionId/element</name>
                    <title>POST /session/:sessionId/element</title>
                    <attachments>
                        <attachment title='Request' source='11476efb-27cc-41b3-bbf8-1826dc8b9db3-attachment.json' type='application/json' size='50'/>
                        <attachment title='Response' source='c8178d78-1850-4a15-bb01-02fb58510ee8-attachment.json' type='application/json' size='83'/>
                    </attachments>
                    <steps/>
                </step>
                <step start='1676659920549' status='passed' stop='1676659920590'>
                    <name>POST /session/:sessionId/element/79fb25bc-cb65-4c81-bf4e-650ff0be6ef4/clear</name>
                    <title>POST /session/:sessionId/element/79fb25bc-cb65-4c81-bf4e-650ff0be6ef4/clear</title>
                    <attachments/>
                    <steps/>
                </step>
                <step start='1676659920595' status='passed' stop='1676659920670'>
                    <name>POST /session/:sessionId/element/79fb25bc-cb65-4c81-bf4e-650ff0be6ef4/value</name>
                    <title>POST /session/:sessionId/element/79fb25bc-cb65-4c81-bf4e-650ff0be6ef4/value</title>
                    <attachments>
                        <attachment title='Request' source='bc9d2911-afad-4da9-aadb-1d724b5c1b46-attachment.json' type='application/json' size='31'/>
                    </attachments>
                    <steps/>
                </step>
                <step start='1676659920670' status='broken' stop='1676659920980'>
                    <name>POST /session/:sessionId/element</name>
                    <title>POST /session/:sessionId/element</title>
                    <attachments>
                        <attachment title='Request' source='7c49f166-f167-4805-bb26-17fffb6e2959-attachment.json' type='application/json' size='49'/>
                    </attachments>
                    <steps>
                        <step start='1676659920876' status='broken' stop='1676659920980'>
                            <name>GET /session/:sessionId/screenshot</name>
                            <title>GET /session/:sessionId/screenshot</title>
                            <attachments/>
                            <steps/>
                        </step>
                    </steps>
                </step>
            </steps>
            <attachments/>
            <failure>
                <message>no such window: target window already closed
                from unknown error: web view not found
                  (Session info: chrome=110.0.5481.104)</message>
                <stack-trace>no such window: no such window: target window already closed
                from unknown error: web view not found
                  (Session info: chrome=110.0.5481.104)
                    at getErrorFromResponseBody (C:\Users\Usuario\Documents\_Automation\Projects\WebdriverIO-Abstracta-Curso\node_modules\webdriver\build\utils.js:198:12)
                    at NodeJSRequest._request (C:\Users\Usuario\Documents\_Automation\Projects\WebdriverIO-Abstracta-Curso\node_modules\webdriver\build\request\index.js:166:60)
                    at processTicksAndRejections (node:internal/process/task_queues:96:5)
                    at Browser.wrapCommandFn (C:\Users\Usuario\Documents\_Automation\Projects\WebdriverIO-Abstracta-Curso\node_modules\@wdio\utils\build\shim.js:137:29)
                    at Browser.$ (C:\Users\Usuario\Documents\_Automation\Projects\WebdriverIO-Abstracta-Curso\node_modules\@wdio\runner\node_modules\webdriverio\build\commands\browser\$.js:91:17)
                    at Browser.wrapCommandFn (C:\Users\Usuario\Documents\_Automation\Projects\WebdriverIO-Abstracta-Curso\node_modules\@wdio\utils\build\shim.js:137:29)
                    at LoginPage.login (C:\Users\Usuario\Documents\_Automation\Projects\WebdriverIO-Abstracta-Curso\pages\/login.page.js:23:16)
                    at Context.&lt;anonymous> (C:\Users\Usuario\Documents\_Automation\Projects\WebdriverIO-Abstracta-Curso\tests\/magento-demo.test.js:134:9)</stack-trace>
            </failure>
        </test-case>
        <test-case start='1676659920980' status='broken' stop='1676659921128'>
            <name>Debe buscar blazer y comprarlo.</name>
            <title>Debe buscar blazer y comprarlo.</title>
            <labels>
                <label name='language' value='javascript'/>
                <label name='framework' value='wdio'/>
                <label name='thread' value='0-0'/>
            </labels>
            <parameters>
                <parameter kind='argument' name='browser' value='chrome-110.0.5481.104'/>
            </parameters>
            <steps>
                <step start='1676659920985' status='passed' stop='1676659920985'>
                    <name>Abrir la pagina web.</name>
                    <title>Abrir la pagina web.</title>
                    <attachments/>
                    <steps/>
                </step>
                <step start='1676659920986' status='broken' stop='1676659921128'>
                    <name>POST /session/:sessionId/url</name>
                    <title>POST /session/:sessionId/url</title>
                    <attachments>
                        <attachment title='Request' source='4f20e8a7-de9c-4e3e-ada7-b89250bda45a-attachment.json' type='application/json' size='48'/>
                    </attachments>
                    <steps>
                        <step start='1676659921066' status='broken' stop='1676659921128'>
                            <name>GET /session/:sessionId/screenshot</name>
                            <title>GET /session/:sessionId/screenshot</title>
                            <attachments/>
                            <steps/>
                        </step>
                    </steps>
                </step>
            </steps>
            <attachments/>
            <failure>
                <message>no such window: target window already closed
                from unknown error: web view not found
                  (Session info: chrome=110.0.5481.104)</message>
                <stack-trace>no such window: no such window: target window already closed
                from unknown error: web view not found
                  (Session info: chrome=110.0.5481.104)
                    at getErrorFromResponseBody (C:\Users\Usuario\Documents\_Automation\Projects\WebdriverIO-Abstracta-Curso\node_modules\webdriver\build\utils.js:198:12)
                    at NodeJSRequest._request (C:\Users\Usuario\Documents\_Automation\Projects\WebdriverIO-Abstracta-Curso\node_modules\webdriver\build\request\index.js:166:60)
                    at processTicksAndRejections (node:internal/process/task_queues:96:5)
                    at Browser.wrapCommandFn (C:\Users\Usuario\Documents\_Automation\Projects\WebdriverIO-Abstracta-Curso\node_modules\@wdio\utils\build\shim.js:137:29)
                    at Browser.wrapCommandFn (C:\Users\Usuario\Documents\_Automation\Projects\WebdriverIO-Abstracta-Curso\node_modules\@wdio\utils\build\shim.js:137:29)
                    at HomePage.abrir (C:\Users\Usuario\Documents\_Automation\Projects\WebdriverIO-Abstracta-Curso\pages\/base.page.js:16:8)
                    at LoginPage.login (C:\Users\Usuario\Documents\_Automation\Projects\WebdriverIO-Abstracta-Curso\pages\/login.page.js:17:9)
                    at Context.&lt;anonymous> (C:\Users\Usuario\Documents\_Automation\Projects\WebdriverIO-Abstracta-Curso\tests\/magento-demo.test.js:134:9)</stack-trace>
            </failure>
        </test-case>
    </test-cases>
</ns2:test-suite>